============================= test session starts ==============================
platform linux -- Python 3.12.12, pytest-9.0.2, pluggy-1.6.0
rootdir: /app
plugins: anyio-4.12.1
collected 20 items

arkhe/tests/test_arkhenet.py ..                                          [ 10%]
arkhe/tests/test_dashavatara.py .                                        [ 15%]
arkhe/tests/test_evolution.py ......                                     [ 45%]
arkhe/tests/test_fax_of_theseus.py ..                                    [ 55%]
arkhe/tests/test_nexus_time.py .                                         [ 60%]
arkhe/tests/test_poc.py .                                                [ 65%]
arkhe/tests/test_rfid.py .                                               [ 70%]
arkhe/tests/test_swimmer.py .                                            [ 75%]
arkhe/tests/test_teleport_lysosome.py ...                                [ 90%]
arkhe/tests/test_ucd_python.py ..                                        [100%]

=============================== warnings summary ===============================
arkhe/tests/test_poc.py::test_persistent_order_detection
  /app/quantum_logic.py:37: DeprecationWarning: The class ``qiskit.circuit.library.grover_operator.GroverOperator`` is deprecated as of Qiskit 2.1. It will be removed in Qiskit 3.0. Use qiskit.circuit.library.grover_operator instead.
    grover_op = GroverOperator(oracle)

arkhe/tests/test_poc.py::test_persistent_order_detection
arkhe/tests/test_poc.py::test_persistent_order_detection
arkhe/tests/test_poc.py::test_persistent_order_detection
  /home/jules/.pyenv/versions/3.12.12/lib/python3.12/site-packages/qiskit/circuit/library/grover_operator.py:573: DeprecationWarning: The method ``qiskit.circuit.library.standard_gates.x.MCXGate.get_num_ancilla_qubits()`` is deprecated as of Qiskit 2.1. It will be removed in Qiskit 3.0. For an MCXGate it is no longer possible to know the number of ancilla qubits that would be eventually used by the transpiler when the gate is created. Instead, it is recommended to use MCXGate and let HighLevelSynthesis choose the best synthesis method depending on the number of ancilla qubits available. However, if a specific synthesis method using a specific number of ancilla qubits is require, one can create a custom gate by calling the corresponding synthesis function directly.
    num_ancillas = MCXGate.get_num_ancilla_qubits(len(qubits) - 1, mcx_mode)

arkhe/tests/test_poc.py::test_persistent_order_detection
arkhe/tests/test_poc.py::test_persistent_order_detection
arkhe/tests/test_poc.py::test_persistent_order_detection
  /home/jules/.pyenv/versions/3.12.12/lib/python3.12/site-packages/qiskit/circuit/library/grover_operator.py:585: DeprecationWarning: ``qiskit.circuit.quantumcircuit.QuantumCircuit.mcx()``'s argument ``mode`` is deprecated as of Qiskit 2.1. It will be removed no earlier than 3 months after the release date. Instead, add a generic MCXGate to the circuit and specify the synthesis method via the ``hls_config`` in the transpilation. Alternatively, specific decompositions are available at https://qisk.it/mcx.
    reflection.mcx(qubits[:-1], qubits[-1], qr_ancilla[:], mode=mcx_mode)

arkhe/tests/test_poc.py::test_persistent_order_detection
  /home/jules/.pyenv/versions/3.12.12/lib/python3.12/site-packages/qiskit_aer/backends/qasm_simulator.py:433: PendingDeprecationWarning: The `QasmSimulator` backend will be deprecated in the future. It has been superseded by the `AerSimulator` backend.
    warn(

arkhe/tests/test_poc.py::test_persistent_order_detection
  /home/jules/.pyenv/versions/3.12.12/lib/python3.12/site-packages/_pytest/python.py:170: PytestReturnNotNoneWarning: Test functions should return None, but arkhe/tests/test_poc.py::test_persistent_order_detection returned <class 'float'>.
  Did you mean to use `assert` instead of `return`?
  See https://docs.pytest.org/en/stable/how-to/assert.html#return-not-none for more information.
    warnings.warn(

-- Docs: https://docs.pytest.org/en/stable/how-to/capture-warnings.html
======================== 20 passed, 9 warnings in 4.59s ========================
